<?xml version="1.0"?>
<testsuite name="Chrome 56.0.2924 (Mac OS X 10.11.6)" package="" timestamp="2017-04-03T09:42:03" id="0" hostname="GISELE.local" tests="1" errors="0" failures="0" time="0.003">
  <properties>
    <property name="browser.fullName" value="Mozilla/5.0 (Macintosh; Intel Mac OS X 10_11_6) AppleWebKit/537.36 (KHTML, like Gecko) Chrome/56.0.2924.87 Safari/537.36"/>
  </properties>
  <testcase name="Validate User Actions should update headline" time="0.003" classname="Chrome_56_0_2924_(Mac_OS_X_10_11_6).Validate User Actions"/>
  <system-out>
    <![CDATA[
]]>
  </system-out>
  <system-err/>
</testsuite>