<?xml version="1.0"?>
<testsuite name="Chrome 56.0.2924 (Mac OS X 10.11.6)" package="" timestamp="2017-03-23T06:57:20" id="0" hostname="GISELE.local" tests="25" errors="0" failures="0" time="0.057">
  <properties>
    <property name="browser.fullName" value="Mozilla/5.0 (Macintosh; Intel Mac OS X 10_11_6) AppleWebKit/537.36 (KHTML, like Gecko) Chrome/56.0.2924.87 Safari/537.36"/>
  </properties>
  <testcase name="Validate Resource  resource should be a resource" time="0.002" classname="Chrome_56_0_2924_(Mac_OS_X_10_11_6).Validate Resource "/>
  <testcase name="Validate Resource  resource should give me the http error" time="0.017" classname="Chrome_56_0_2924_(Mac_OS_X_10_11_6).Validate Resource "/>
  <testcase name="Validate Resource  resource should be POSTable" time="0" classname="Chrome_56_0_2924_(Mac_OS_X_10_11_6).Validate Resource "/>
  <testcase name="Validate Authentication should log in a user" time="0" classname="Chrome_56_0_2924_(Mac_OS_X_10_11_6).Validate Authentication"/>
  <testcase name="Validate Authentication should not log in an invalid user" time="0" classname="Chrome_56_0_2924_(Mac_OS_X_10_11_6).Validate Authentication"/>
  <testcase name="Validate Authentication should log out a user" time="0" classname="Chrome_56_0_2924_(Mac_OS_X_10_11_6).Validate Authentication"/>
  <testcase name="Validate Article actions should fetch articles" time="0.001" classname="Chrome_56_0_2924_(Mac_OS_X_10_11_6).Validate Article actions"/>
  <testcase name="Validate Article actions should update the search keyword" time="0" classname="Chrome_56_0_2924_(Mac_OS_X_10_11_6).Validate Article actions"/>
  <testcase name="Article Reducer should initialize state" time="0" classname="Chrome_56_0_2924_(Mac_OS_X_10_11_6).Article Reducer"/>
  <testcase name="Article Reducer should set filter keyword" time="0" classname="Chrome_56_0_2924_(Mac_OS_X_10_11_6).Article Reducer"/>
  <testcase name="Article Reducer should set the articles" time="0.001" classname="Chrome_56_0_2924_(Mac_OS_X_10_11_6).Article Reducer"/>
  <testcase name="Filter Articles should filter displayed articles by the search keyword" time="0" classname="Chrome_56_0_2924_(Mac_OS_X_10_11_6).Filter Articles"/>
  <testcase name="Validate Article View should render articles" time="0.015" classname="Chrome_56_0_2924_(Mac_OS_X_10_11_6).Validate Article View"/>
  <testcase name="Validate Article View should dispatch actions to create a new article" time="0.015" classname="Chrome_56_0_2924_(Mac_OS_X_10_11_6).Validate Article View"/>
  <testcase name="Following Reducer should initialize state" time="0" classname="Chrome_56_0_2924_(Mac_OS_X_10_11_6).Following Reducer"/>
  <testcase name="Validate Profile actions should fetch the user profile information" time="0" classname="Chrome_56_0_2924_(Mac_OS_X_10_11_6).Validate Profile actions"/>
  <testcase name="Validate User Actions should update headline" time="0" classname="Chrome_56_0_2924_(Mac_OS_X_10_11_6).Validate User Actions"/>
  <testcase name="User Reducer should initialize state" time="0" classname="Chrome_56_0_2924_(Mac_OS_X_10_11_6).User Reducer"/>
  <testcase name="Validate Message Actions should update error message" time="0.004" classname="Chrome_56_0_2924_(Mac_OS_X_10_11_6).Validate Message Actions"/>
  <testcase name="Validate Message Actions should update success message" time="0.001" classname="Chrome_56_0_2924_(Mac_OS_X_10_11_6).Validate Message Actions"/>
  <testcase name="Message Reducer should initialize state" time="0.001" classname="Chrome_56_0_2924_(Mac_OS_X_10_11_6).Message Reducer"/>
  <testcase name="Message Reducer should state error " time="0" classname="Chrome_56_0_2924_(Mac_OS_X_10_11_6).Message Reducer"/>
  <testcase name="Message Reducer should state success" time="0" classname="Chrome_56_0_2924_(Mac_OS_X_10_11_6).Message Reducer"/>
  <testcase name="Nav Reducer should initialize state" time="0" classname="Chrome_56_0_2924_(Mac_OS_X_10_11_6).Nav Reducer"/>
  <testcase name="Nav Reducer should navigate" time="0" classname="Chrome_56_0_2924_(Mac_OS_X_10_11_6).Nav Reducer"/>
  <system-out>
    <![CDATA[
]]>
  </system-out>
  <system-err/>
</testsuite>