
> starter@1.0.0 e2e:base /Users/zhouji/Graduate/2017s/531/workspace_531/hw6/frontend
> mocha --opts e2e/mocha.opts e2e/*.spec.js "--reporter" "xunit"

<testsuite name="Mocha Tests" tests="13" failures="0" errors="0" skipped="0" timestamp="Wed, 05 Apr 2017 03:58:39 GMT" time="24.713">
<testcase classname="Test * Login in as test user" name="should login successfully" time="1.029"/>
<testcase classname="Test * Login in as test user" name="should create a new article and validate the article appears in the feed" time="2.251"/>
<testcase classname="Test * Login in as test user" name="should edit an article and validate the article text has updated" time="1.212"/>
<testcase classname="Test * Login in as test user" name="should update the status headline and verify the change" time="1.791"/>
<testcase classname="Test * Login in as test user" name="should count the number of followed users" time="1.028"/>
<testcase classname="Test * Login in as test user" name="should add the user &quot;Follower&quot; to the list of followed users and verify the count increases by one" time="1.718"/>
<testcase classname="Test * Login in as test user" name="should remove the user &quot;Follower&quot; to the list of followed users and verify the count decreases by one" time="1.592"/>
<testcase classname="Test * Login in as test user" name="should search for &quot;Only One Article Like This&quot; and verify only one article shows, and verify the author" time="0.893"/>
<testcase classname="Test * Login in as test user" name="should navigate to the profile view" time="0.577"/>
<testcase classname="Test * Login in as test user" name="should update the user's email and verify" time="0.886"/>
<testcase classname="Test * Login in as test user" name="should update the user's zipcode and verify" time="0.833"/>
<testcase classname="Test * Login in as test user" name="should update the user's password, verify a &quot;will not change&quot; message is returned" time="1.261"/>
<testcase classname="Test * Register a new user" name="should register a new user" time="2.486"/>
</testsuite>
